<?xml version="1.0" encoding="UTF-8"?>
<!-- Generated by org.testng.reporters.JUnitXMLReporter -->
<testsuite ignored="0" hostname="DESKTOP-G2UDSQ1" failures="0" tests="10" name="Default test" time="301.935" errors="0" timestamp="2021-11-23T10:07:37 IST">
  <testcase classname="com.mindtree.runner.BigSmallApplication" name="createAccount" time="27.536"/>
  <testcase classname="com.mindtree.runner.BigSmallApplication" name="signIN" time="15.479"/>
  <testcase classname="com.mindtree.runner.BigSmallApplication" name="CODAvailability" time="20.168"/>
  <testcase classname="com.mindtree.runner.BigSmallApplication" name="ShopByCategory" time="26.648"/>
  <testcase classname="com.mindtree.runner.BigSmallApplication" name="Giftcard" time="79.93"/>
  <testcase classname="com.mindtree.runner.BigSmallApplication" name="AddToCart" time="24.929"/>
  <testcase classname="com.mindtree.runner.BigSmallApplication" name="SearchForProduct" time="27.013"/>
  <testcase classname="com.mindtree.runner.BigSmallApplication" name="validateWhatsnewPage" time="21.577"/>
  <testcase classname="com.mindtree.runner.BigSmallApplication" name="GiftsPage" time="17.181"/>
  <testcase classname="com.mindtree.runner.BigSmallApplication" name="PersonalisedGiftsPage" time="20.347"/>
</testsuite> <!-- Default test -->
