<?xml version="1.0" encoding="UTF-8"?>
<!-- Generated by org.testng.reporters.JUnitXMLReporter -->
<testsuite ignored="0" hostname="DESKTOP-G2UDSQ1" failures="0" tests="10" name="Test" time="303.321" errors="0" timestamp="23 Nov 2021 04:50:00 GMT">
  <testcase classname="com.mindtree.runner.BigSmallApplication" name="createAccount" time="33.614"/>
  <testcase classname="com.mindtree.runner.BigSmallApplication" name="signIN" time="23.654"/>
  <testcase classname="com.mindtree.runner.BigSmallApplication" name="CODAvailability" time="24.974"/>
  <testcase classname="com.mindtree.runner.BigSmallApplication" name="ShopByCategory" time="20.632"/>
  <testcase classname="com.mindtree.runner.BigSmallApplication" name="Giftcard" time="53.515"/>
  <testcase classname="com.mindtree.runner.BigSmallApplication" name="AddToCart" time="17.067"/>
  <testcase classname="com.mindtree.runner.BigSmallApplication" name="SearchForProduct" time="55.349"/>
  <testcase classname="com.mindtree.runner.BigSmallApplication" name="validateWhatsnewPage" time="18.423"/>
  <testcase classname="com.mindtree.runner.BigSmallApplication" name="GiftsPage" time="14.187"/>
  <testcase classname="com.mindtree.runner.BigSmallApplication" name="PersonalisedGiftsPage" time="35.683"/>
</testsuite> <!-- Test -->
