<?xml version="1.0" encoding="UTF-8"?>
<testsuite xmlns:xsi="http://www.w3.org/2001/XMLSchema-instance" xsi:noNamespaceSchemaLocation="https://maven.apache.org/surefire/maven-surefire-plugin/xsd/surefire-test-report.xsd" name="TestSuite" time="304.703" tests="10" errors="0" skipped="0" failures="0">
  <properties>
[...]
</properties>
  <testcase name="createAccount" classname="com.mindtree.runner.BigSmallApplication" time="33.616"/>
  <testcase name="signIN" classname="com.mindtree.runner.BigSmallApplication" time="23.653"/>
  <testcase name="CODAvailability" classname="com.mindtree.runner.BigSmallApplication" time="24.976"/>
  <testcase name="ShopByCategory" classname="com.mindtree.runner.BigSmallApplication" time="20.637"/>
  <testcase name="Giftcard" classname="com.mindtree.runner.BigSmallApplication" time="53.509"/>
  <testcase name="AddToCart" classname="com.mindtree.runner.BigSmallApplication" time="17.068"/>
  <testcase name="SearchForProduct" classname="com.mindtree.runner.BigSmallApplication" time="55.35"/>
  <testcase name="validateWhatsnewPage" classname="com.mindtree.runner.BigSmallApplication" time="18.423"/>
  <testcase name="GiftsPage" classname="com.mindtree.runner.BigSmallApplication" time="14.188"/>
  <testcase name="PersonalisedGiftsPage" classname="com.mindtree.runner.BigSmallApplication" time="35.687"/>
</testsuite>