<?xml version="1.0" encoding="UTF-8"?>
<testng-results ignored="0" total="10" passed="10" failed="0" skipped="0">
  <reporter-output>
  </reporter-output>
  <suite started-at="2021-11-23T04:44:57Z" name="Suite" finished-at="2021-11-23T04:50:00Z" duration-ms="303321">
    <groups>
    </groups>
    <test started-at="2021-11-23T04:44:57Z" name="Test" finished-at="2021-11-23T04:50:00Z" duration-ms="303321">
      <class name="com.mindtree.runner.BigSmallApplication">
        <test-method is-config="true" signature="startup()[pri:0, instance:com.mindtree.runner.BigSmallApplication@7b420819]" started-at="2021-11-23T04:44:56Z" name="startup" finished-at="2021-11-23T04:44:57Z" duration-ms="122" status="PASS">
          <reporter-output>
          </reporter-output>
        </test-method> <!-- startup -->
        <test-method is-config="true" signature="beforeClass()[pri:0, instance:com.mindtree.runner.BigSmallApplication@7b420819]" started-at="2021-11-23T04:44:57Z" name="beforeClass" finished-at="2021-11-23T04:45:00Z" duration-ms="3142" status="PASS">
          <reporter-output>
          </reporter-output>
        </test-method> <!-- beforeClass -->
        <test-method signature="createAccount()[pri:1, instance:com.mindtree.runner.BigSmallApplication@7b420819]" started-at="2021-11-23T04:45:00Z" name="createAccount" finished-at="2021-11-23T04:45:33Z" duration-ms="33614" status="PASS">
          <reporter-output>
          </reporter-output>
        </test-method> <!-- createAccount -->
        <test-method signature="signIN()[pri:2, instance:com.mindtree.runner.BigSmallApplication@7b420819]" started-at="2021-11-23T04:45:33Z" name="signIN" finished-at="2021-11-23T04:45:57Z" duration-ms="23654" status="PASS">
          <reporter-output>
          </reporter-output>
        </test-method> <!-- signIN -->
        <test-method signature="CODAvailability()[pri:3, instance:com.mindtree.runner.BigSmallApplication@7b420819]" started-at="2021-11-23T04:45:57Z" name="CODAvailability" finished-at="2021-11-23T04:46:22Z" duration-ms="24974" status="PASS">
          <reporter-output>
          </reporter-output>
        </test-method> <!-- CODAvailability -->
        <test-method signature="ShopByCategory()[pri:4, instance:com.mindtree.runner.BigSmallApplication@7b420819]" started-at="2021-11-23T04:46:22Z" name="ShopByCategory" finished-at="2021-11-23T04:46:43Z" duration-ms="20632" status="PASS">
          <reporter-output>
          </reporter-output>
        </test-method> <!-- ShopByCategory -->
        <test-method signature="Giftcard()[pri:5, instance:com.mindtree.runner.BigSmallApplication@7b420819]" started-at="2021-11-23T04:46:43Z" name="Giftcard" finished-at="2021-11-23T04:47:36Z" duration-ms="53515" status="PASS">
          <reporter-output>
          </reporter-output>
        </test-method> <!-- Giftcard -->
        <test-method signature="AddToCart()[pri:6, instance:com.mindtree.runner.BigSmallApplication@7b420819]" started-at="2021-11-23T04:47:36Z" name="AddToCart" finished-at="2021-11-23T04:47:53Z" duration-ms="17067" status="PASS">
          <reporter-output>
          </reporter-output>
        </test-method> <!-- AddToCart -->
        <test-method signature="SearchForProduct()[pri:7, instance:com.mindtree.runner.BigSmallApplication@7b420819]" started-at="2021-11-23T04:47:53Z" name="SearchForProduct" finished-at="2021-11-23T04:48:49Z" duration-ms="55349" status="PASS">
          <reporter-output>
          </reporter-output>
        </test-method> <!-- SearchForProduct -->
        <test-method signature="validateWhatsnewPage()[pri:8, instance:com.mindtree.runner.BigSmallApplication@7b420819]" started-at="2021-11-23T04:48:49Z" name="validateWhatsnewPage" finished-at="2021-11-23T04:49:07Z" duration-ms="18423" status="PASS">
          <reporter-output>
          </reporter-output>
        </test-method> <!-- validateWhatsnewPage -->
        <test-method signature="GiftsPage()[pri:9, instance:com.mindtree.runner.BigSmallApplication@7b420819]" started-at="2021-11-23T04:49:07Z" name="GiftsPage" finished-at="2021-11-23T04:49:21Z" duration-ms="14187" status="PASS">
          <reporter-output>
          </reporter-output>
        </test-method> <!-- GiftsPage -->
        <test-method signature="PersonalisedGiftsPage()[pri:10, instance:com.mindtree.runner.BigSmallApplication@7b420819]" started-at="2021-11-23T04:49:21Z" name="PersonalisedGiftsPage" finished-at="2021-11-23T04:49:57Z" duration-ms="35683" status="PASS">
          <reporter-output>
          </reporter-output>
        </test-method> <!-- PersonalisedGiftsPage -->
        <test-method is-config="true" signature="classTeardown()[pri:0, instance:com.mindtree.runner.BigSmallApplication@7b420819]" started-at="2021-11-23T04:49:57Z" name="classTeardown" finished-at="2021-11-23T04:50:00Z" duration-ms="3027" status="PASS">
          <reporter-output>
          </reporter-output>
        </test-method> <!-- classTeardown -->
      </class> <!-- com.mindtree.runner.BigSmallApplication -->
    </test> <!-- Test -->
  </suite> <!-- Suite -->
</testng-results>
