<?xml version="1.0" encoding="UTF-8"?>
<testng-results ignored="0" total="10" passed="10" failed="0" skipped="0">
  <reporter-output>
  </reporter-output>
  <suite started-at="2021-11-23T10:02:34 IST" name="Default suite" finished-at="2021-11-23T10:07:36 IST" duration-ms="301935">
    <groups>
    </groups>
    <test started-at="2021-11-23T10:02:34 IST" name="Default test" finished-at="2021-11-23T10:07:36 IST" duration-ms="301935">
      <class name="com.mindtree.runner.BigSmallApplication">
        <test-method is-config="true" signature="startup()[pri:0, instance:com.mindtree.runner.BigSmallApplication@66982506]" started-at="2021-11-23T10:02:34 IST" name="startup" finished-at="2021-11-23T10:02:34 IST" duration-ms="238" status="PASS">
          <reporter-output>
          </reporter-output>
        </test-method> <!-- startup -->
        <test-method is-config="true" signature="beforeClass()[pri:0, instance:com.mindtree.runner.BigSmallApplication@66982506]" started-at="2021-11-23T10:02:34 IST" name="beforeClass" finished-at="2021-11-23T10:02:54 IST" duration-ms="19335" status="PASS">
          <reporter-output>
          </reporter-output>
        </test-method> <!-- beforeClass -->
        <test-method signature="createAccount()[pri:1, instance:com.mindtree.runner.BigSmallApplication@66982506]" started-at="2021-11-23T10:02:54 IST" name="createAccount" finished-at="2021-11-23T10:03:21 IST" duration-ms="27536" status="PASS">
          <reporter-output>
          </reporter-output>
        </test-method> <!-- createAccount -->
        <test-method signature="signIN()[pri:2, instance:com.mindtree.runner.BigSmallApplication@66982506]" started-at="2021-11-23T10:03:21 IST" name="signIN" finished-at="2021-11-23T10:03:37 IST" duration-ms="15479" status="PASS">
          <reporter-output>
          </reporter-output>
        </test-method> <!-- signIN -->
        <test-method signature="CODAvailability()[pri:3, instance:com.mindtree.runner.BigSmallApplication@66982506]" started-at="2021-11-23T10:03:37 IST" name="CODAvailability" finished-at="2021-11-23T10:03:57 IST" duration-ms="20168" status="PASS">
          <reporter-output>
          </reporter-output>
        </test-method> <!-- CODAvailability -->
        <test-method signature="ShopByCategory()[pri:4, instance:com.mindtree.runner.BigSmallApplication@66982506]" started-at="2021-11-23T10:03:57 IST" name="ShopByCategory" finished-at="2021-11-23T10:04:24 IST" duration-ms="26648" status="PASS">
          <reporter-output>
          </reporter-output>
        </test-method> <!-- ShopByCategory -->
        <test-method signature="Giftcard()[pri:5, instance:com.mindtree.runner.BigSmallApplication@66982506]" started-at="2021-11-23T10:04:24 IST" name="Giftcard" finished-at="2021-11-23T10:05:44 IST" duration-ms="79930" status="PASS">
          <reporter-output>
          </reporter-output>
        </test-method> <!-- Giftcard -->
        <test-method signature="AddToCart()[pri:6, instance:com.mindtree.runner.BigSmallApplication@66982506]" started-at="2021-11-23T10:05:44 IST" name="AddToCart" finished-at="2021-11-23T10:06:09 IST" duration-ms="24929" status="PASS">
          <reporter-output>
          </reporter-output>
        </test-method> <!-- AddToCart -->
        <test-method signature="SearchForProduct()[pri:7, instance:com.mindtree.runner.BigSmallApplication@66982506]" started-at="2021-11-23T10:06:09 IST" name="SearchForProduct" finished-at="2021-11-23T10:06:36 IST" duration-ms="27013" status="PASS">
          <reporter-output>
          </reporter-output>
        </test-method> <!-- SearchForProduct -->
        <test-method signature="validateWhatsnewPage()[pri:8, instance:com.mindtree.runner.BigSmallApplication@66982506]" started-at="2021-11-23T10:06:36 IST" name="validateWhatsnewPage" finished-at="2021-11-23T10:06:57 IST" duration-ms="21577" status="PASS">
          <reporter-output>
          </reporter-output>
        </test-method> <!-- validateWhatsnewPage -->
        <test-method signature="GiftsPage()[pri:9, instance:com.mindtree.runner.BigSmallApplication@66982506]" started-at="2021-11-23T10:06:57 IST" name="GiftsPage" finished-at="2021-11-23T10:07:14 IST" duration-ms="17181" status="PASS">
          <reporter-output>
          </reporter-output>
        </test-method> <!-- GiftsPage -->
        <test-method signature="PersonalisedGiftsPage()[pri:10, instance:com.mindtree.runner.BigSmallApplication@66982506]" started-at="2021-11-23T10:07:14 IST" name="PersonalisedGiftsPage" finished-at="2021-11-23T10:07:35 IST" duration-ms="20347" status="PASS">
          <reporter-output>
          </reporter-output>
        </test-method> <!-- PersonalisedGiftsPage -->
        <test-method is-config="true" signature="classTeardown()[pri:0, instance:com.mindtree.runner.BigSmallApplication@66982506]" started-at="2021-11-23T10:07:35 IST" name="classTeardown" finished-at="2021-11-23T10:07:36 IST" duration-ms="1681" status="PASS">
          <reporter-output>
          </reporter-output>
        </test-method> <!-- classTeardown -->
      </class> <!-- com.mindtree.runner.BigSmallApplication -->
    </test> <!-- Default test -->
  </suite> <!-- Default suite -->
</testng-results>
